<?xml version="1.0" encoding="UTF-8"?>
<!-- Generated by org.testng.reporters.JUnitXMLReporter -->
<testsuite ignored="4" hostname="LTIN208106" failures="0" tests="11" name="Test" time="93.733" errors="0" timestamp="2024-02-26T22:33:49 IST">
  <testcase classname="testCases.TC_001_productsSearch" name="search_for_bookshelves" time="5.189"/>
  <testcase classname="testCases.TC_001_productsSearch" name="close_popup" time="2.588"/>
  <testcase classname="testCases.TC_001_productsSearch" name="apply_filters" time="10.215"/>
  <testcase classname="testCases.TC_001_productsSearch" name="get_top_3_products" time="15.149"/>
  <testcase classname="testCases.TC_002_Collections" name="go_to_Living_collections" time="1.796"/>
  <testcase classname="testCases.TC_002_Collections" name="get_all_sub_menus" time="4.953"/>
  <testcase classname="testCases.TC_003_giftCardTest" name="click_on_gift_cards" time="7.388"/>
  <testcase classname="testCases.TC_003_giftCardTest" name="customise_your_gift_card" time="1.789"/>
  <testcase classname="testCases.TC_003_giftCardTest" name="checking_with_invalidEmail" time="10.074"/>
  <testcase classname="testCases.TC_003_giftCardTest" name="checking_with_validEmail" time="3.3"/>
  <testcase classname="testCases.TC_003_giftCardTest" name="validDetails" time="0.795"/>
  <testcase classname="testBase.BaseClass" name="@AfterTest tearDown" time="0.0">
    <ignored/>
  </testcase> <!-- @AfterTest tearDown -->
  <testcase classname="testBase.BaseClass" name="@BeforeTest setup" time="0.0">
    <ignored/>
  </testcase> <!-- @BeforeTest setup -->
  <testcase classname="testBase.BaseClass" name="@AfterTest tearDown" time="0.0">
    <ignored/>
  </testcase> <!-- @AfterTest tearDown -->
  <testcase classname="testBase.BaseClass" name="@BeforeTest setup" time="0.0">
    <ignored/>
  </testcase> <!-- @BeforeTest setup -->
</testsuite> <!-- Test -->
