<?xml version="1.0" encoding="UTF-8"?>
<testng-results ignored="0" total="11" passed="11" failed="0" skipped="0">
  <reporter-output>
  </reporter-output>
  <suite started-at="2024-02-26T22:31:58 IST" name="Suite" finished-at="2024-02-26T22:33:32 IST" duration-ms="93733">
    <groups>
      <group name="regression">
        <method signature="TC_001_productsSearch.search_for_bookshelves()[pri:1, instance:testCases.TC_001_productsSearch@63fdab07]" name="search_for_bookshelves" class="testCases.TC_001_productsSearch"/>
        <method signature="TC_002_Collections.go_to_Living_collections()[pri:1, instance:testCases.TC_002_Collections@74a6a609]" name="go_to_Living_collections" class="testCases.TC_002_Collections"/>
        <method signature="TC_001_productsSearch.close_popup()[pri:2, instance:testCases.TC_001_productsSearch@63fdab07]" name="close_popup" class="testCases.TC_001_productsSearch"/>
        <method signature="TC_002_Collections.get_all_sub_menus()[pri:2, instance:testCases.TC_002_Collections@74a6a609]" name="get_all_sub_menus" class="testCases.TC_002_Collections"/>
        <method signature="TC_003_giftCardTest.customise_your_gift_card(java.lang.String,java.lang.String,java.lang.String,java.lang.String,java.lang.String,java.lang.String,java.lang.String,java.lang.String,java.lang.String,java.lang.String,java.lang.String)[pri:2, instance:testCases.TC_003_giftCardTest@5a411614]" name="customise_your_gift_card" class="testCases.TC_003_giftCardTest"/>
        <method signature="TC_001_productsSearch.apply_filters()[pri:3, instance:testCases.TC_001_productsSearch@63fdab07]" name="apply_filters" class="testCases.TC_001_productsSearch"/>
        <method signature="TC_003_giftCardTest.checking_with_invalidEmail(java.lang.String,java.lang.String,java.lang.String,java.lang.String,java.lang.String,java.lang.String,java.lang.String,java.lang.String,java.lang.String,java.lang.String,java.lang.String)[pri:3, instance:testCases.TC_003_giftCardTest@5a411614]" name="checking_with_invalidEmail" class="testCases.TC_003_giftCardTest"/>
        <method signature="TC_001_productsSearch.get_top_3_products()[pri:4, instance:testCases.TC_001_productsSearch@63fdab07]" name="get_top_3_products" class="testCases.TC_001_productsSearch"/>
        <method signature="TC_003_giftCardTest.checking_with_validEmail(java.lang.String,java.lang.String,java.lang.String,java.lang.String,java.lang.String,java.lang.String,java.lang.String,java.lang.String,java.lang.String,java.lang.String,java.lang.String)[pri:4, instance:testCases.TC_003_giftCardTest@5a411614]" name="checking_with_validEmail" class="testCases.TC_003_giftCardTest"/>
        <method signature="TC_003_giftCardTest.validDetails(java.lang.String,java.lang.String,java.lang.String,java.lang.String,java.lang.String,java.lang.String,java.lang.String,java.lang.String,java.lang.String,java.lang.String,java.lang.String)[pri:5, instance:testCases.TC_003_giftCardTest@5a411614]" name="validDetails" class="testCases.TC_003_giftCardTest"/>
      </group> <!-- regression -->
      <group name="sanity">
        <method signature="TC_001_productsSearch.search_for_bookshelves()[pri:1, instance:testCases.TC_001_productsSearch@63fdab07]" name="search_for_bookshelves" class="testCases.TC_001_productsSearch"/>
        <method signature="TC_002_Collections.go_to_Living_collections()[pri:1, instance:testCases.TC_002_Collections@74a6a609]" name="go_to_Living_collections" class="testCases.TC_002_Collections"/>
        <method signature="TC_003_giftCardTest.click_on_gift_cards()[pri:1, instance:testCases.TC_003_giftCardTest@5a411614]" name="click_on_gift_cards" class="testCases.TC_003_giftCardTest"/>
        <method signature="TC_001_productsSearch.close_popup()[pri:2, instance:testCases.TC_001_productsSearch@63fdab07]" name="close_popup" class="testCases.TC_001_productsSearch"/>
      </group> <!-- sanity -->
      <group name="master">
        <method signature="TC_001_productsSearch.search_for_bookshelves()[pri:1, instance:testCases.TC_001_productsSearch@63fdab07]" name="search_for_bookshelves" class="testCases.TC_001_productsSearch"/>
        <method signature="TC_002_Collections.go_to_Living_collections()[pri:1, instance:testCases.TC_002_Collections@74a6a609]" name="go_to_Living_collections" class="testCases.TC_002_Collections"/>
        <method signature="TC_003_giftCardTest.click_on_gift_cards()[pri:1, instance:testCases.TC_003_giftCardTest@5a411614]" name="click_on_gift_cards" class="testCases.TC_003_giftCardTest"/>
        <method signature="TC_001_productsSearch.close_popup()[pri:2, instance:testCases.TC_001_productsSearch@63fdab07]" name="close_popup" class="testCases.TC_001_productsSearch"/>
        <method signature="TC_002_Collections.get_all_sub_menus()[pri:2, instance:testCases.TC_002_Collections@74a6a609]" name="get_all_sub_menus" class="testCases.TC_002_Collections"/>
        <method signature="TC_003_giftCardTest.customise_your_gift_card(java.lang.String,java.lang.String,java.lang.String,java.lang.String,java.lang.String,java.lang.String,java.lang.String,java.lang.String,java.lang.String,java.lang.String,java.lang.String)[pri:2, instance:testCases.TC_003_giftCardTest@5a411614]" name="customise_your_gift_card" class="testCases.TC_003_giftCardTest"/>
        <method signature="TC_001_productsSearch.apply_filters()[pri:3, instance:testCases.TC_001_productsSearch@63fdab07]" name="apply_filters" class="testCases.TC_001_productsSearch"/>
        <method signature="TC_003_giftCardTest.checking_with_invalidEmail(java.lang.String,java.lang.String,java.lang.String,java.lang.String,java.lang.String,java.lang.String,java.lang.String,java.lang.String,java.lang.String,java.lang.String,java.lang.String)[pri:3, instance:testCases.TC_003_giftCardTest@5a411614]" name="checking_with_invalidEmail" class="testCases.TC_003_giftCardTest"/>
        <method signature="TC_001_productsSearch.get_top_3_products()[pri:4, instance:testCases.TC_001_productsSearch@63fdab07]" name="get_top_3_products" class="testCases.TC_001_productsSearch"/>
        <method signature="TC_003_giftCardTest.checking_with_validEmail(java.lang.String,java.lang.String,java.lang.String,java.lang.String,java.lang.String,java.lang.String,java.lang.String,java.lang.String,java.lang.String,java.lang.String,java.lang.String)[pri:4, instance:testCases.TC_003_giftCardTest@5a411614]" name="checking_with_validEmail" class="testCases.TC_003_giftCardTest"/>
        <method signature="TC_003_giftCardTest.validDetails(java.lang.String,java.lang.String,java.lang.String,java.lang.String,java.lang.String,java.lang.String,java.lang.String,java.lang.String,java.lang.String,java.lang.String,java.lang.String)[pri:5, instance:testCases.TC_003_giftCardTest@5a411614]" name="validDetails" class="testCases.TC_003_giftCardTest"/>
      </group> <!-- master -->
    </groups>
    <test started-at="2024-02-26T22:31:58 IST" name="Test" finished-at="2024-02-26T22:33:32 IST" duration-ms="93733">
      <class name="testCases.TC_003_giftCardTest">
        <test-method signature="click_on_gift_cards()[pri:1, instance:testCases.TC_003_giftCardTest@5a411614]" started-at="2024-02-26T22:32:59 IST" name="click_on_gift_cards" finished-at="2024-02-26T22:33:06 IST" duration-ms="7388" status="PASS">
          <reporter-output>
          </reporter-output>
        </test-method> <!-- click_on_gift_cards -->
        <test-method signature="customise_your_gift_card(java.lang.String,java.lang.String,java.lang.String,java.lang.String,java.lang.String,java.lang.String,java.lang.String,java.lang.String,java.lang.String,java.lang.String,java.lang.String)[pri:2, instance:testCases.TC_003_giftCardTest@5a411614]" started-at="2024-02-26T22:33:08 IST" name="customise_your_gift_card" data-provider="dp" finished-at="2024-02-26T22:33:10 IST" depends-on-methods="testCases.TC_003_giftCardTest.click_on_gift_cards" duration-ms="1789" status="PASS">
          <params>
            <param index="0">
              <value>
                <![CDATA[tom]]>
              </value>
            </param>
            <param index="1">
              <value>
                <![CDATA[tom#123]]>
              </value>
            </param>
            <param index="2">
              <value>
                <![CDATA[9876543212]]>
              </value>
            </param>
            <param index="3">
              <value>
                <![CDATA[dora]]>
              </value>
            </param>
            <param index="4">
              <value>
                <![CDATA[dora@123]]>
              </value>
            </param>
            <param index="5">
              <value>
                <![CDATA[9876543217]]>
              </value>
            </param>
            <param index="6">
              <value>
                <![CDATA[#3-132]]>
              </value>
            </param>
            <param index="7">
              <value>
                <![CDATA[600001]]>
              </value>
            </param>
            <param index="8">
              <value>
                <![CDATA[giftcard]]>
              </value>
            </param>
            <param index="9">
              <value>
                <![CDATA[tom@123]]>
              </value>
            </param>
            <param index="10">
              <value>
                <![CDATA[10000]]>
              </value>
            </param>
          </params>
          <reporter-output>
          </reporter-output>
        </test-method> <!-- customise_your_gift_card -->
        <test-method signature="checking_with_invalidEmail(java.lang.String,java.lang.String,java.lang.String,java.lang.String,java.lang.String,java.lang.String,java.lang.String,java.lang.String,java.lang.String,java.lang.String,java.lang.String)[pri:3, instance:testCases.TC_003_giftCardTest@5a411614]" started-at="2024-02-26T22:33:11 IST" name="checking_with_invalidEmail" data-provider="dp" finished-at="2024-02-26T22:33:21 IST" depends-on-methods="testCases.TC_003_giftCardTest.customise_your_gift_card" duration-ms="10074" status="PASS">
          <params>
            <param index="0">
              <value>
                <![CDATA[tom]]>
              </value>
            </param>
            <param index="1">
              <value>
                <![CDATA[tom#123]]>
              </value>
            </param>
            <param index="2">
              <value>
                <![CDATA[9876543212]]>
              </value>
            </param>
            <param index="3">
              <value>
                <![CDATA[dora]]>
              </value>
            </param>
            <param index="4">
              <value>
                <![CDATA[dora@123]]>
              </value>
            </param>
            <param index="5">
              <value>
                <![CDATA[9876543217]]>
              </value>
            </param>
            <param index="6">
              <value>
                <![CDATA[#3-132]]>
              </value>
            </param>
            <param index="7">
              <value>
                <![CDATA[600001]]>
              </value>
            </param>
            <param index="8">
              <value>
                <![CDATA[giftcard]]>
              </value>
            </param>
            <param index="9">
              <value>
                <![CDATA[tom@123]]>
              </value>
            </param>
            <param index="10">
              <value>
                <![CDATA[10000]]>
              </value>
            </param>
          </params>
          <reporter-output>
          </reporter-output>
        </test-method> <!-- checking_with_invalidEmail -->
        <test-method signature="checking_with_validEmail(java.lang.String,java.lang.String,java.lang.String,java.lang.String,java.lang.String,java.lang.String,java.lang.String,java.lang.String,java.lang.String,java.lang.String,java.lang.String)[pri:4, instance:testCases.TC_003_giftCardTest@5a411614]" started-at="2024-02-26T22:33:25 IST" name="checking_with_validEmail" data-provider="dp" finished-at="2024-02-26T22:33:28 IST" depends-on-methods="testCases.TC_003_giftCardTest.checking_with_invalidEmail" duration-ms="3300" status="PASS">
          <params>
            <param index="0">
              <value>
                <![CDATA[tom]]>
              </value>
            </param>
            <param index="1">
              <value>
                <![CDATA[tom#123]]>
              </value>
            </param>
            <param index="2">
              <value>
                <![CDATA[9876543212]]>
              </value>
            </param>
            <param index="3">
              <value>
                <![CDATA[dora]]>
              </value>
            </param>
            <param index="4">
              <value>
                <![CDATA[dora@123]]>
              </value>
            </param>
            <param index="5">
              <value>
                <![CDATA[9876543217]]>
              </value>
            </param>
            <param index="6">
              <value>
                <![CDATA[#3-132]]>
              </value>
            </param>
            <param index="7">
              <value>
                <![CDATA[600001]]>
              </value>
            </param>
            <param index="8">
              <value>
                <![CDATA[giftcard]]>
              </value>
            </param>
            <param index="9">
              <value>
                <![CDATA[tom@123]]>
              </value>
            </param>
            <param index="10">
              <value>
                <![CDATA[10000]]>
              </value>
            </param>
          </params>
          <reporter-output>
          </reporter-output>
        </test-method> <!-- checking_with_validEmail -->
        <test-method signature="validDetails(java.lang.String,java.lang.String,java.lang.String,java.lang.String,java.lang.String,java.lang.String,java.lang.String,java.lang.String,java.lang.String,java.lang.String,java.lang.String)[pri:5, instance:testCases.TC_003_giftCardTest@5a411614]" started-at="2024-02-26T22:33:29 IST" name="validDetails" data-provider="dp" finished-at="2024-02-26T22:33:30 IST" depends-on-methods="testCases.TC_003_giftCardTest.checking_with_validEmail" duration-ms="795" status="PASS">
          <params>
            <param index="0">
              <value>
                <![CDATA[tom]]>
              </value>
            </param>
            <param index="1">
              <value>
                <![CDATA[tom#123]]>
              </value>
            </param>
            <param index="2">
              <value>
                <![CDATA[9876543212]]>
              </value>
            </param>
            <param index="3">
              <value>
                <![CDATA[dora]]>
              </value>
            </param>
            <param index="4">
              <value>
                <![CDATA[dora@123]]>
              </value>
            </param>
            <param index="5">
              <value>
                <![CDATA[9876543217]]>
              </value>
            </param>
            <param index="6">
              <value>
                <![CDATA[#3-132]]>
              </value>
            </param>
            <param index="7">
              <value>
                <![CDATA[600001]]>
              </value>
            </param>
            <param index="8">
              <value>
                <![CDATA[giftcard]]>
              </value>
            </param>
            <param index="9">
              <value>
                <![CDATA[tom@123]]>
              </value>
            </param>
            <param index="10">
              <value>
                <![CDATA[10000]]>
              </value>
            </param>
          </params>
          <reporter-output>
          </reporter-output>
        </test-method> <!-- validDetails -->
      </class> <!-- testCases.TC_003_giftCardTest -->
      <class name="testCases.TC_002_Collections">
        <test-method signature="go_to_Living_collections()[pri:1, instance:testCases.TC_002_Collections@74a6a609]" started-at="2024-02-26T22:32:50 IST" name="go_to_Living_collections" finished-at="2024-02-26T22:32:52 IST" duration-ms="1796" status="PASS">
          <reporter-output>
          </reporter-output>
        </test-method> <!-- go_to_Living_collections -->
        <test-method signature="get_all_sub_menus()[pri:2, instance:testCases.TC_002_Collections@74a6a609]" started-at="2024-02-26T22:32:53 IST" name="get_all_sub_menus" finished-at="2024-02-26T22:32:58 IST" depends-on-methods="testCases.TC_002_Collections.go_to_Living_collections" duration-ms="4953" status="PASS">
          <reporter-output>
          </reporter-output>
        </test-method> <!-- get_all_sub_menus -->
      </class> <!-- testCases.TC_002_Collections -->
      <class name="testCases.TC_001_productsSearch">
        <test-method is-config="true" signature="setup(java.lang.String,java.lang.String)[pri:0, instance:testCases.TC_001_productsSearch@63fdab07]" started-at="2024-02-26T22:31:59 IST" name="setup" finished-at="2024-02-26T22:32:14 IST" duration-ms="14613" status="PASS">
          <params>
            <param index="0">
              <value>
                <![CDATA[windows]]>
              </value>
            </param>
            <param index="1">
              <value>
                <![CDATA[chrome]]>
              </value>
            </param>
          </params>
          <reporter-output>
          </reporter-output>
        </test-method> <!-- setup -->
        <test-method signature="search_for_bookshelves()[pri:1, instance:testCases.TC_001_productsSearch@63fdab07]" started-at="2024-02-26T22:32:14 IST" name="search_for_bookshelves" finished-at="2024-02-26T22:32:19 IST" duration-ms="5189" status="PASS">
          <reporter-output>
          </reporter-output>
        </test-method> <!-- search_for_bookshelves -->
        <test-method signature="close_popup()[pri:2, instance:testCases.TC_001_productsSearch@63fdab07]" started-at="2024-02-26T22:32:20 IST" name="close_popup" finished-at="2024-02-26T22:32:23 IST" depends-on-methods="testCases.TC_001_productsSearch.search_for_bookshelves" duration-ms="2588" status="PASS">
          <reporter-output>
          </reporter-output>
        </test-method> <!-- close_popup -->
        <test-method signature="apply_filters()[pri:3, instance:testCases.TC_001_productsSearch@63fdab07]" started-at="2024-02-26T22:32:24 IST" name="apply_filters" finished-at="2024-02-26T22:32:34 IST" depends-on-methods="testCases.TC_001_productsSearch.close_popup, testCases.TC_001_productsSearch.search_for_bookshelves" duration-ms="10215" status="PASS">
          <reporter-output>
          </reporter-output>
        </test-method> <!-- apply_filters -->
        <test-method signature="get_top_3_products()[pri:4, instance:testCases.TC_001_productsSearch@63fdab07]" started-at="2024-02-26T22:32:34 IST" name="get_top_3_products" finished-at="2024-02-26T22:32:49 IST" depends-on-methods="testCases.TC_001_productsSearch.apply_filters" duration-ms="15149" status="PASS">
          <reporter-output>
          </reporter-output>
        </test-method> <!-- get_top_3_products -->
        <test-method is-config="true" signature="tearDown()[pri:0, instance:testCases.TC_001_productsSearch@63fdab07]" started-at="2024-02-26T22:33:31 IST" name="tearDown" finished-at="2024-02-26T22:33:32 IST" duration-ms="874" status="PASS">
          <reporter-output>
          </reporter-output>
        </test-method> <!-- tearDown -->
      </class> <!-- testCases.TC_001_productsSearch -->
    </test> <!-- Test -->
  </suite> <!-- Suite -->
</testng-results>
